Using pre-set license

 COMMAND LINE ARGUMENTS:
/Applications/Unity/Hub/Editor/2020.3.0f1/Unity.app/Contents/MacOS/Unity
-adb2
-batchMode
-noUpm
-name
AssetImportWorker0
-projectPath
/Users/kishisakuya/Desktop/make_game_ios/AppleCatch
-logFile
Logs/AssetImportWorker0.log
-srvPort
52298
Successfully changed project path to: /Users/kishisakuya/Desktop/make_game_ios/AppleCatch
/Users/kishisakuya/Desktop/make_game_ios/AppleCatch
Using Asset Import Pipeline V2.
Refreshing native plugins compatible for Editor in 21.93 ms, found 1 plugins.
Preloading 0 native plugins for Editor in 0.00 ms.
Initialize engine version: 2020.3.0f1 (c7b5465681fb)
[Subsystems] Discovering subsystems at path /Applications/Unity/Hub/Editor/2020.3.0f1/Unity.app/Contents/Resources/UnitySubsystems
[Subsystems] Discovering subsystems at path /Users/kishisakuya/Desktop/make_game_ios/AppleCatch/Assets
GfxDevice: creating device client; threaded=0
2021-03-31 22:05:34.492 Unity[52011:3115038] Color LCD preferred device: Intel(R) Iris(TM) Plus Graphics 645 (low power)
2021-03-31 22:05:34.492 Unity[52011:3115038] Metal devices available: 1
2021-03-31 22:05:34.492 Unity[52011:3115038] 0: Intel(R) Iris(TM) Plus Graphics 645 (low power)
2021-03-31 22:05:34.493 Unity[52011:3115038] Using device Intel(R) Iris(TM) Plus Graphics 645 (low power)
Initializing Metal device caps: Intel(R) Iris(TM) Plus Graphics 645
Initialize mono
Mono path[0] = '/Applications/Unity/Hub/Editor/2020.3.0f1/Unity.app/Contents/Managed'
Mono path[1] = '/Applications/Unity/Hub/Editor/2020.3.0f1/Unity.app/Contents/MonoBleedingEdge/lib/mono/unityjit'
Mono config path = '/Applications/Unity/Hub/Editor/2020.3.0f1/Unity.app/Contents/MonoBleedingEdge/etc'
Using monoOptions --debugger-agent=transport=dt_socket,embedding=1,server=y,suspend=n,address=127.0.0.1:56011
Begin MonoManager ReloadAssembly
Registering precompiled unity dll's ...
Register platform support module: /Applications/Unity/Hub/Editor/2020.3.0f1/Unity.app/Contents/PlaybackEngines/MacStandaloneSupport/UnityEditor.OSXStandalone.Extensions.dll
Registered in 0.000536 seconds.
Native extension for OSXStandalone target not found
Refreshing native plugins compatible for Editor in 22.97 ms, found 1 plugins.
Preloading 0 native plugins for Editor in 0.00 ms.
Invoked RoslynAnalysisRunner static constructor.
RoslynAnalysisRunner will not be running.
RoslynAnalysisRunner has terminated.
Mono: successfully reloaded assembly
- Completed reload, in  1.831 seconds
Platform modules already initialized, skipping
Registering precompiled user dll's ...
Registered in 0.000314 seconds.
Begin MonoManager ReloadAssembly
Native extension for OSXStandalone target not found
Refreshing native plugins compatible for Editor in 0.25 ms, found 1 plugins.
Preloading 0 native plugins for Editor in 0.00 ms.
Invoked RoslynAnalysisRunner static constructor.
RoslynAnalysisRunner will not be running.
RoslynAnalysisRunner has terminated.
Mono: successfully reloaded assembly
- Completed reload, in  1.008 seconds
Platform modules already initialized, skipping
========================================================================
Worker process is ready to serve import requests
Launching external process: /Applications/Unity/Hub/Editor/2020.3.0f1/Unity.app/Contents/Tools/UnityShaderCompiler
Launched and connected shader compiler UnityShaderCompiler after 0.04 seconds
Refreshing native plugins compatible for Editor in 0.21 ms, found 1 plugins.
Preloading 0 native plugins for Editor in 0.00 ms.
Unloading 1113 Unused Serialized files (Serialized files now loaded: 0)
System memory in use before: 111.4 MB.
System memory in use after: 111.4 MB.

Unloading 10 unused Assets to reduce memory usage. Loaded Objects now: 1555.
Total: 2.830127 ms (FindLiveObjects: 0.280645 ms CreateObjectMapping: 0.069069 ms MarkObjects: 2.348319 ms  DeleteObjects: 0.129948 ms)

========================================================================
Received Import Request.
  path: Assets/damage_se.mp3
  artifactKey: Guid(6cdd4880e065e432ba1fb17c4511582a) Importer(815301076,1909f56bfc062723c751e8b465ee728b)
Start importing Assets/damage_se.mp3 using Guid(6cdd4880e065e432ba1fb17c4511582a) Importer(815301076,1909f56bfc062723c751e8b465ee728b)  -> (artifact id: '3bdd81d7751a3750b8fc872ef5cb24d5') in 0.483888 seconds
  Import took 0.486706 seconds .

========================================================================
Received Import Request.
  Time since last request: 0.000243 seconds.
  path: Assets/basket.fbx
  artifactKey: Guid(e1d96b222760548be91974bcb73dad9f) Importer(815301076,1909f56bfc062723c751e8b465ee728b)
Start importing Assets/basket.fbx using Guid(e1d96b222760548be91974bcb73dad9f) Importer(815301076,1909f56bfc062723c751e8b465ee728b)  -> (artifact id: 'ad18b3367273f5d77a51f8008c0eca9f') in 0.726639 seconds
  Import took 0.728601 seconds .

========================================================================
Received Import Request.
  Time since last request: 0.000178 seconds.
  path: Assets/apple.fbx
  artifactKey: Guid(4dfae1db5da6141988f7f570b9a5b228) Importer(815301076,1909f56bfc062723c751e8b465ee728b)
Start importing Assets/apple.fbx using Guid(4dfae1db5da6141988f7f570b9a5b228) Importer(815301076,1909f56bfc062723c751e8b465ee728b)  -> (artifact id: '3cfd8425c716a6191cb1872523baa479') in 0.044311 seconds
  Import took 0.046147 seconds .

========================================================================
Received Import Request.
  Time since last request: 0.000158 seconds.
  path: Assets/get_se.mp3
  artifactKey: Guid(09cad13dd652d4fdc85c59601d529b7f) Importer(815301076,1909f56bfc062723c751e8b465ee728b)
Start importing Assets/get_se.mp3 using Guid(09cad13dd652d4fdc85c59601d529b7f) Importer(815301076,1909f56bfc062723c751e8b465ee728b)  -> (artifact id: '7b336c886df17b9252493836fa49927a') in 0.007631 seconds
  Import took 0.009638 seconds .

========================================================================
Received Import Request.
  Time since last request: 0.000271 seconds.
  path: Assets/stage.fbx
  artifactKey: Guid(ba435d384e77f4ca184c80f1f533f9bc) Importer(815301076,1909f56bfc062723c751e8b465ee728b)
Start importing Assets/stage.fbx using Guid(ba435d384e77f4ca184c80f1f533f9bc) Importer(815301076,1909f56bfc062723c751e8b465ee728b)  -> (artifact id: 'c682900e8acebf5f3e0edf0a8f68791f') in 0.057159 seconds
  Import took 0.059021 seconds .

========================================================================
Received Import Request.
  Time since last request: 0.000171 seconds.
  path: Assets/bomb.fbx
  artifactKey: Guid(396b6bd00a8a440a093580e01ab3f953) Importer(815301076,1909f56bfc062723c751e8b465ee728b)
Start importing Assets/bomb.fbx using Guid(396b6bd00a8a440a093580e01ab3f953) Importer(815301076,1909f56bfc062723c751e8b465ee728b)  -> (artifact id: '6e2f8498932af713ab8241536efd1dac') in 0.055991 seconds
  Import took 0.058098 seconds .

========================================================================
Received Prepare
Registering precompiled user dll's ...
Registered in 0.000310 seconds.
Begin MonoManager ReloadAssembly
Native extension for OSXStandalone target not found
Refreshing native plugins compatible for Editor in 0.23 ms, found 1 plugins.
Preloading 0 native plugins for Editor in 0.00 ms.
Invoked RoslynAnalysisRunner static constructor.
RoslynAnalysisRunner will not be running.
RoslynAnalysisRunner has terminated.
Mono: successfully reloaded assembly
- Completed reload, in  0.916 seconds
Platform modules already initialized, skipping
Switching build target platform(2) subTarget(0) extendedPlatform(0) -> platform(9) subTarget(16777218) extendedPlatform(0)
Refreshing native plugins compatible for Editor in 0.23 ms, found 1 plugins.
Preloading 0 native plugins for Editor in 0.00 ms.
Unloading 1112 Unused Serialized files (Serialized files now loaded: 0)
System memory in use before: 124.4 MB.
System memory in use after: 124.4 MB.

Unloading 5 unused Assets to reduce memory usage. Loaded Objects now: 1603.
Total: 1.642459 ms (FindLiveObjects: 0.174441 ms CreateObjectMapping: 0.040602 ms MarkObjects: 1.376658 ms  DeleteObjects: 0.049397 ms)

AssetImportParameters requested are different than current active one (requested -> active):
  custom:graphics/normal-map-encoding: 01000000000000000000000000000000 -> 02000000000000000000000000000000
========================================================================
Received Prepare
Refreshing native plugins compatible for Editor in 0.50 ms, found 1 plugins.
Preloading 0 native plugins for Editor in 0.00 ms.
Unloading 3 Unused Serialized files (Serialized files now loaded: 0)
System memory in use before: 102.5 MB.
System memory in use after: 102.6 MB.

Unloading 3 unused Assets to reduce memory usage. Loaded Objects now: 1603.
Total: 2.018255 ms (FindLiveObjects: 0.182790 ms CreateObjectMapping: 0.070576 ms MarkObjects: 1.690346 ms  DeleteObjects: 0.066330 ms)

========================================================================
Received Import Request.
  Time since last request: 109.885702 seconds.
  path: Assets/damage_se.mp3
  artifactKey: Guid(6cdd4880e065e432ba1fb17c4511582a) Importer(815301076,1909f56bfc062723c751e8b465ee728b)
Start importing Assets/damage_se.mp3 using Guid(6cdd4880e065e432ba1fb17c4511582a) Importer(815301076,1909f56bfc062723c751e8b465ee728b)  -> (artifact id: 'cd110460c6f78dcc113e6c14a798bbc2') in 0.044863 seconds
  Import took 0.046939 seconds .

========================================================================
Received Import Request.
  Time since last request: 0.000188 seconds.
  path: Assets/get_se.mp3
  artifactKey: Guid(09cad13dd652d4fdc85c59601d529b7f) Importer(815301076,1909f56bfc062723c751e8b465ee728b)
Start importing Assets/get_se.mp3 using Guid(09cad13dd652d4fdc85c59601d529b7f) Importer(815301076,1909f56bfc062723c751e8b465ee728b)  -> (artifact id: '84c370ff57dbaef74b39e88178db895b') in 0.005324 seconds
  Import took 0.007140 seconds .

========================================================================
Received Prepare
Registering precompiled user dll's ...
Registered in 0.000354 seconds.
Begin MonoManager ReloadAssembly
Native extension for OSXStandalone target not found
Refreshing native plugins compatible for Editor in 0.24 ms, found 1 plugins.
Preloading 0 native plugins for Editor in 0.00 ms.
Invoked RoslynAnalysisRunner static constructor.
RoslynAnalysisRunner will not be running.
RoslynAnalysisRunner has terminated.
Mono: successfully reloaded assembly
- Completed reload, in  0.922 seconds
Platform modules already initialized, skipping
Switching build target platform(2) subTarget(0) extendedPlatform(0) -> platform(9) subTarget(16777218) extendedPlatform(0)
Refreshing native plugins compatible for Editor in 0.17 ms, found 1 plugins.
Preloading 0 native plugins for Editor in 0.00 ms.
Unloading 1112 Unused Serialized files (Serialized files now loaded: 0)
System memory in use before: 124.7 MB.
System memory in use after: 124.7 MB.

Unloading 5 unused Assets to reduce memory usage. Loaded Objects now: 1607.
Total: 1.824496 ms (FindLiveObjects: 0.164604 ms CreateObjectMapping: 0.039230 ms MarkObjects: 1.568889 ms  DeleteObjects: 0.050392 ms)

AssetImportParameters requested are different than current active one (requested -> active):
  custom:graphics/normal-map-encoding: 01000000000000000000000000000000 -> 02000000000000000000000000000000
========================================================================
Received Import Request.
  Time since last request: 1302.925761 seconds.
  path: Assets/BasketController.cs
  artifactKey: Guid(587a671dc40dd49c5849293974243bdb) Importer(815301076,1909f56bfc062723c751e8b465ee728b)
Start importing Assets/BasketController.cs using Guid(587a671dc40dd49c5849293974243bdb) Importer(815301076,1909f56bfc062723c751e8b465ee728b)  -> (artifact id: 'bf4a9d954d3b9aa72557d5c7fb08cf91') in 0.452242 seconds
  Import took 0.454873 seconds .

========================================================================
Received Prepare
Registering precompiled user dll's ...
Registered in 0.000343 seconds.
Begin MonoManager ReloadAssembly
Native extension for OSXStandalone target not found
Refreshing native plugins compatible for Editor in 0.33 ms, found 1 plugins.
Preloading 0 native plugins for Editor in 0.00 ms.
Invoked RoslynAnalysisRunner static constructor.
RoslynAnalysisRunner will not be running.
RoslynAnalysisRunner has terminated.
Mono: successfully reloaded assembly
- Completed reload, in  1.001 seconds
Platform modules already initialized, skipping
Switching build target platform(2) subTarget(0) extendedPlatform(0) -> platform(9) subTarget(16777218) extendedPlatform(0)
Refreshing native plugins compatible for Editor in 0.22 ms, found 1 plugins.
Preloading 0 native plugins for Editor in 0.00 ms.
Unloading 1113 Unused Serialized files (Serialized files now loaded: 0)
System memory in use before: 129.1 MB.
System memory in use after: 129.2 MB.

Unloading 5 unused Assets to reduce memory usage. Loaded Objects now: 1611.
Total: 1.614408 ms (FindLiveObjects: 0.146049 ms CreateObjectMapping: 0.033705 ms MarkObjects: 1.340994 ms  DeleteObjects: 0.092301 ms)

AssetImportParameters requested are different than current active one (requested -> active):
  custom:graphics/normal-map-encoding: 01000000000000000000000000000000 -> 02000000000000000000000000000000
========================================================================
Received Prepare
Registering precompiled user dll's ...
Registered in 0.000336 seconds.
Begin MonoManager ReloadAssembly
Native extension for OSXStandalone target not found
Refreshing native plugins compatible for Editor in 0.24 ms, found 1 plugins.
Preloading 0 native plugins for Editor in 0.00 ms.
Invoked RoslynAnalysisRunner static constructor.
RoslynAnalysisRunner will not be running.
RoslynAnalysisRunner has terminated.
Mono: successfully reloaded assembly
- Completed reload, in  0.918 seconds
Platform modules already initialized, skipping
Switching build target platform(2) subTarget(0) extendedPlatform(0) -> platform(9) subTarget(16777218) extendedPlatform(0)
Refreshing native plugins compatible for Editor in 0.17 ms, found 1 plugins.
Preloading 0 native plugins for Editor in 0.00 ms.
Unloading 1113 Unused Serialized files (Serialized files now loaded: 0)
System memory in use before: 129.3 MB.
System memory in use after: 129.4 MB.

Unloading 5 unused Assets to reduce memory usage. Loaded Objects now: 1614.
Total: 1.550084 ms (FindLiveObjects: 0.181504 ms CreateObjectMapping: 0.032179 ms MarkObjects: 1.290686 ms  DeleteObjects: 0.044740 ms)

AssetImportParameters requested are different than current active one (requested -> active):
  custom:graphics/normal-map-encoding: 01000000000000000000000000000000 -> 02000000000000000000000000000000
========================================================================
Received Import Request.
  Time since last request: 346.359207 seconds.
  path: Assets/BasketController.cs
  artifactKey: Guid(587a671dc40dd49c5849293974243bdb) Importer(815301076,1909f56bfc062723c751e8b465ee728b)
Start importing Assets/BasketController.cs using Guid(587a671dc40dd49c5849293974243bdb) Importer(815301076,1909f56bfc062723c751e8b465ee728b)  -> (artifact id: '0b2e31ec5c55aeab62a30b504de781cc') in 0.004896 seconds
  Import took 0.006731 seconds .

========================================================================
Received Import Request.
  Time since last request: 1.597186 seconds.
  path: Assets/BasketController.cs
  artifactKey: Guid(587a671dc40dd49c5849293974243bdb) Importer(815301076,1909f56bfc062723c751e8b465ee728b)
Start importing Assets/BasketController.cs using Guid(587a671dc40dd49c5849293974243bdb) Importer(815301076,1909f56bfc062723c751e8b465ee728b)  -> (artifact id: '0b2e31ec5c55aeab62a30b504de781cc') in 0.003643 seconds
  Import took 0.005617 seconds .

========================================================================
Received Prepare
Registering precompiled user dll's ...
Registered in 0.000380 seconds.
Begin MonoManager ReloadAssembly
Native extension for OSXStandalone target not found
Refreshing native plugins compatible for Editor in 0.23 ms, found 1 plugins.
Preloading 0 native plugins for Editor in 0.00 ms.
Invoked RoslynAnalysisRunner static constructor.
RoslynAnalysisRunner will not be running.
RoslynAnalysisRunner has terminated.
Mono: successfully reloaded assembly
- Completed reload, in  0.905 seconds
Platform modules already initialized, skipping
Switching build target platform(2) subTarget(0) extendedPlatform(0) -> platform(9) subTarget(16777218) extendedPlatform(0)
Refreshing native plugins compatible for Editor in 0.18 ms, found 1 plugins.
Preloading 0 native plugins for Editor in 0.00 ms.
Unloading 1113 Unused Serialized files (Serialized files now loaded: 0)
System memory in use before: 129.5 MB.
System memory in use after: 129.5 MB.

Unloading 5 unused Assets to reduce memory usage. Loaded Objects now: 1617.
Total: 1.716853 ms (FindLiveObjects: 0.155295 ms CreateObjectMapping: 0.037899 ms MarkObjects: 1.470951 ms  DeleteObjects: 0.051511 ms)

AssetImportParameters requested are different than current active one (requested -> active):
  custom:graphics/normal-map-encoding: 01000000000000000000000000000000 -> 02000000000000000000000000000000
